\BOOKMARK [0][]{Contents.0}{\376\377\000T\000a\000b\000l\000a\000\040\000d\000e\000\040\000c\000o\000n\000t\000e\000n\000i\000d\000o\000s}{}% 1
\BOOKMARK [0][]{chapter*.2}{\376\377\000L\000i\000s\000t\000a\000\040\000d\000e\000\040\000f\000i\000g\000u\000r\000a\000s}{}% 2
\BOOKMARK [0][]{chapter*.3}{\376\377\000L\000i\000s\000t\000a\000\040\000d\000e\000\040\000t\000a\000b\000l\000a\000s}{}% 3
\BOOKMARK [0][]{chapter.1}{\376\377\0001\000\040\000A\000p\000l\000i\000c\000a\000c\000i\000o\000n\000e\000s\000\040\000d\000e\000\040\000l\000a\000\040\000m\000i\000n\000e\000r\000\355\000a\000\040\000d\000e\000\040\000d\000a\000t\000o\000s\000\040\000e\000n\000\040\000i\000n\000g\000e\000n\000i\000e\000r\000\355\000a\000\040\000d\000e\000\040\000p\000r\000o\000t\000e\000\355\000n\000a\000s}{}% 4
\BOOKMARK [1][]{section.1.1}{\376\377\0001\000.\0001\000\040\000I\000n\000g\000e\000n\000i\000e\000r\000\355\000a\000\040\000d\000e\000\040\000p\000r\000o\000t\000e\000\355\000n\000a\000s\000\040}{chapter.1}% 5
\BOOKMARK [1][]{section.1.2}{\376\377\0001\000.\0002\000\040\000M\000\351\000t\000o\000d\000o\000s\000\040\000c\000o\000m\000p\000u\000t\000a\000c\000i\000o\000n\000a\000l\000e\000s\000\040\000a\000p\000l\000i\000c\000a\000d\000o\000s\000\040\000e\000n\000\040\000i\000n\000g\000e\000n\000i\000e\000r\000\355\000a\000\040\000d\000e\000\040\000p\000r\000o\000t\000e\000\355\000n\000a\000s}{chapter.1}% 6
\BOOKMARK [1][]{section.1.3}{\376\377\0001\000.\0003\000\040\000M\000i\000n\000e\000r\000\355\000a\000\040\000d\000e\000\040\000d\000a\000t\000o\000s}{chapter.1}% 7
\BOOKMARK [1][]{section.1.4}{\376\377\0001\000.\0004\000\040\000P\000r\000i\000n\000c\000i\000p\000a\000l\000e\000s\000\040\000p\000r\000o\000b\000l\000e\000m\000\341\000t\000i\000c\000a\000s\000\040\000e\000n\000\040\000l\000a\000\040\000i\000n\000g\000e\000n\000i\000e\000r\000\355\000a\000\040\000d\000e\000\040\000d\000a\000t\000o\000s}{chapter.1}% 8
\BOOKMARK [2][]{subsection.1.4.1}{\376\377\0001\000.\0004\000.\0001\000\040\000D\000i\000f\000e\000r\000e\000n\000t\000e\000s\000\040\000r\000e\000s\000p\000u\000e\000s\000t\000a\000s\000,\000\040\000u\000n\000a\000\040\000m\000i\000s\000m\000a\000\040\000s\000o\000l\000u\000c\000i\000\363\000n}{section.1.4}% 9
\BOOKMARK [2][]{subsection.1.4.2}{\376\377\0001\000.\0004\000.\0002\000\040\000C\000o\000d\000i\000f\000i\000c\000a\000c\000i\000o\000n\000e\000s\000,\000\040\000c\000u\000\341\000l\000e\000s\000\040\000e\000s\000\040\000l\000a\000\040\000m\000e\000j\000o\000r\000\040\000a\000l\000t\000e\000r\000n\000a\000t\000i\000v\000a\000?}{section.1.4}% 10
\BOOKMARK [2][]{subsection.1.4.3}{\376\377\0001\000.\0004\000.\0003\000\040\000D\000i\000s\000e\000\361\000a\000r\000\040\000m\000u\000t\000a\000c\000i\000o\000n\000e\000s\000,\000\040\000u\000n\000\040\000a\000r\000t\000e\000\040\000p\000o\000c\000o\000\040\000a\000p\000r\000e\000c\000i\000a\000d\000o}{section.1.4}% 11
\BOOKMARK [2][]{subsection.1.4.4}{\376\377\0001\000.\0004\000.\0004\000\040\000L\000o\000s\000\040\000d\000e\000s\000c\000a\000r\000t\000a\000d\000o\000s\000\040\000t\000i\000e\000n\000e\000n\000\040\000a\000l\000g\000o\000\040\000m\000\341\000s\000\040\000q\000u\000e\000\040\000d\000e\000c\000i\000r}{section.1.4}% 12
\BOOKMARK [0][]{chapter.2}{\376\377\0002\000\040\000M\000o\000d\000e\000l\000o\000s\000\040\000p\000r\000e\000d\000i\000c\000t\000i\000v\000o\000s\000\040\000a\000s\000o\000c\000i\000a\000d\000o\000s\000\040\000a\000\040\000m\000u\000t\000a\000c\000i\000o\000n\000e\000s\000\040\000p\000u\000n\000t\000u\000a\000l\000e\000s\000\040\000e\000n\000\040\000p\000r\000o\000t\000e\000\355\000n\000a\000s\000\040}{}% 13
\BOOKMARK [1][]{section.2.1}{\376\377\0002\000.\0001\000\040\000A\000p\000r\000e\000n\000d\000i\000z\000a\000j\000e\000\040\000d\000e\000\040\000M\000\341\000q\000u\000i\000n\000a\000s}{chapter.2}% 14
\BOOKMARK [2][]{subsection.2.1.1}{\376\377\0002\000.\0001\000.\0001\000\040\000A\000l\000g\000o\000r\000i\000t\000m\000o\000s\000\040\000d\000e\000\040\000a\000p\000r\000e\000n\000d\000i\000z\000a\000j\000e\000\040\000s\000u\000p\000e\000r\000v\000i\000s\000a\000d\000o}{section.2.1}% 15
\BOOKMARK [2][]{subsection.2.1.2}{\376\377\0002\000.\0001\000.\0002\000\040\000M\000\351\000t\000o\000d\000o\000s\000\040\000b\000a\000s\000a\000d\000o\000s\000\040\000e\000n\000\040\000r\000e\000g\000r\000e\000s\000i\000o\000n\000e\000s\000\040\000l\000i\000n\000e\000a\000l\000e\000s}{section.2.1}% 16
\BOOKMARK [2][]{subsection.2.1.3}{\376\377\0002\000.\0001\000.\0003\000\040\000K\000-\000V\000e\000c\000i\000n\000o\000s\000\040\000C\000e\000r\000c\000a\000n\000o\000s}{section.2.1}% 17
\BOOKMARK [2][]{subsection.2.1.4}{\376\377\0002\000.\0001\000.\0004\000\040\000N\000a\000i\000v\000e\000\040\000B\000a\000y\000e\000s}{section.2.1}% 18
\BOOKMARK [2][]{subsection.2.1.5}{\376\377\0002\000.\0001\000.\0005\000\040\000\301\000r\000b\000o\000l\000e\000s\000\040\000d\000e\000\040\000D\000e\000c\000i\000s\000i\000\363\000n}{section.2.1}% 19
\BOOKMARK [2][]{subsection.2.1.6}{\376\377\0002\000.\0001\000.\0006\000\040\000S\000u\000p\000p\000o\000r\000t\000\040\000V\000e\000c\000t\000o\000r\000\040\000M\000a\000c\000h\000i\000n\000e\000\040\000\050\000S\000V\000M\000\051}{section.2.1}% 20
\BOOKMARK [2][]{subsection.2.1.7}{\376\377\0002\000.\0001\000.\0007\000\040\000M\000\351\000t\000o\000d\000o\000s\000\040\000d\000e\000\040\000e\000n\000s\000a\000m\000b\000l\000e}{section.2.1}% 21
\BOOKMARK [2][]{subsection.2.1.8}{\376\377\0002\000.\0001\000.\0008\000\040\000R\000e\000d\000e\000s\000\040\000N\000e\000u\000r\000o\000n\000a\000l\000e\000s\000\040\000y\000\040\000D\000e\000e\000p\000\040\000L\000e\000a\000r\000n\000i\000n\000g}{section.2.1}% 22
\BOOKMARK [2][]{subsection.2.1.9}{\376\377\0002\000.\0001\000.\0009\000\040\000M\000e\000d\000i\000d\000a\000s\000\040\000d\000e\000\040\000d\000e\000s\000e\000m\000p\000e\000\361\000o\000\040}{section.2.1}% 23
\BOOKMARK [2][]{subsection.2.1.10}{\376\377\0002\000.\0001\000.\0001\0000\000\040\000P\000r\000o\000b\000l\000e\000m\000a\000s\000\040\000a\000s\000o\000c\000i\000a\000d\000o\000s\000\040\000a\000\040\000l\000o\000s\000\040\000m\000o\000d\000e\000l\000o\000s\000\040\000d\000e\000\040\000a\000p\000r\000e\000n\000d\000i\000z\000a\000j\000e\000\040\000s\000u\000p\000e\000r\000v\000i\000s\000a\000d\000o\000\040}{section.2.1}% 24
\BOOKMARK [2][]{subsection.2.1.11}{\376\377\0002\000.\0001\000.\0001\0001\000\040\000V\000a\000l\000i\000d\000a\000c\000i\000\363\000n\000\040\000d\000e\000\040\000m\000o\000d\000e\000l\000o\000s}{section.2.1}% 25
\BOOKMARK [1][]{section.2.2}{\376\377\0002\000.\0002\000\040\000H\000e\000r\000r\000a\000m\000i\000e\000n\000t\000a\000s\000\040\000c\000o\000m\000p\000u\000t\000a\000c\000i\000o\000n\000a\000l\000e\000s\000\040\000a\000s\000o\000c\000i\000a\000d\000a\000s\000\040\000a\000\040\000e\000v\000a\000l\000u\000a\000c\000i\000\363\000n\000\040\000d\000e\000\040\000m\000u\000t\000a\000c\000i\000o\000n\000e\000s}{chapter.2}% 26
\BOOKMARK [2][]{subsection.2.2.1}{\376\377\0002\000.\0002\000.\0001\000\040\000H\000e\000r\000r\000a\000m\000i\000e\000n\000t\000a\000s\000\040\000n\000e\000c\000e\000s\000a\000r\000i\000a\000s\000\040\000p\000a\000r\000a\000\040\000l\000a\000\040\000c\000a\000r\000a\000c\000t\000e\000r\000i\000z\000a\000c\000i\000\363\000n\000\040\000d\000e\000\040\000l\000o\000s\000\040\000s\000e\000t\000\040\000d\000e\000\040\000d\000a\000t\000o\000s}{section.2.2}% 27
\BOOKMARK [1][]{section.2.3}{\376\377\0002\000.\0003\000\040\000H\000i\000p\000\363\000t\000e\000s\000i\000s}{chapter.2}% 28
\BOOKMARK [1][]{section.2.4}{\376\377\0002\000.\0004\000\040\000O\000b\000j\000e\000t\000i\000v\000o\000s}{chapter.2}% 29
\BOOKMARK [2][]{subsection.2.4.1}{\376\377\0002\000.\0004\000.\0001\000\040\000O\000b\000j\000e\000t\000i\000v\000o\000\040\000g\000e\000n\000e\000r\000a\000l}{section.2.4}% 30
\BOOKMARK [2][]{subsection.2.4.2}{\376\377\0002\000.\0004\000.\0002\000\040\000O\000b\000j\000e\000t\000i\000v\000o\000s\000\040\000e\000s\000p\000e\000c\000\355\000f\000i\000c\000o\000s}{section.2.4}% 31
\BOOKMARK [1][]{section.2.5}{\376\377\0002\000.\0005\000\040\000M\000e\000t\000o\000d\000o\000l\000o\000g\000\355\000a\000\040\000p\000r\000o\000p\000u\000e\000s\000t\000a}{chapter.2}% 32
\BOOKMARK [2][]{subsection.2.5.1}{\376\377\0002\000.\0005\000.\0001\000\040\000P\000r\000e\000p\000a\000r\000a\000c\000i\000\363\000n\000\040\000d\000e\000\040\000s\000e\000t\000\040\000d\000e\000\040\000d\000a\000t\000o\000s}{section.2.5}% 33
\BOOKMARK [2][]{subsection.2.5.2}{\376\377\0002\000.\0005\000.\0002\000\040\000I\000m\000p\000l\000e\000m\000e\000n\000t\000a\000c\000i\000\363\000n\000\040\000d\000e\000\040\000m\000e\000t\000a\000\040\000m\000o\000d\000e\000l\000o\000s\000\040\000d\000e\000\040\000c\000l\000a\000s\000i\000f\000i\000c\000a\000c\000i\000\363\000n\000/\000r\000e\000g\000r\000e\000s\000i\000\363\000n}{section.2.5}% 34
\BOOKMARK [2][]{subsection.2.5.3}{\376\377\0002\000.\0005\000.\0003\000\040\000C\000\363\000m\000o\000\040\000u\000s\000a\000r\000\040\000l\000o\000s\000\040\000m\000e\000t\000a\000\040\000m\000o\000d\000e\000l\000o\000s\000\040\000p\000a\000r\000a\000\040\000l\000a\000\040\000c\000l\000a\000s\000i\000f\000i\000c\000a\000c\000i\000\363\000n\000\040\000d\000e\000\040\000n\000u\000e\000v\000o\000s\000\040\000e\000j\000e\000m\000p\000l\000o\000s\000?}{section.2.5}% 35
\BOOKMARK [2][]{subsection.2.5.4}{\376\377\0002\000.\0005\000.\0004\000\040\000U\000s\000o\000\040\000d\000e\000\040\000m\000e\000t\000a\000\040\000m\000o\000d\000e\000l\000o\000s\000\040\000e\000n\000\040\000s\000i\000s\000t\000e\000m\000a\000s\000\040\000d\000e\000\040\000p\000r\000o\000t\000e\000\355\000n\000a\000s}{section.2.5}% 36
\BOOKMARK [1][]{section.2.6}{\376\377\0002\000.\0006\000\040\000A\000n\000\341\000l\000i\000s\000i\000s\000\040\000y\000\040\000e\000v\000a\000l\000u\000a\000c\000i\000\363\000n\000\040\000d\000e\000\040\000l\000o\000s\000\040\000s\000e\000t\000\040\000d\000e\000\040\000d\000a\000t\000o\000s\000\040\000a\000\040\000u\000t\000i\000l\000i\000z\000a\000r}{chapter.2}% 37
\BOOKMARK [2][]{subsection.2.6.1}{\376\377\0002\000.\0006\000.\0001\000\040\000S\000e\000t\000\040\000d\000e\000\040\000d\000a\000t\000o\000s\000\040\000u\000t\000i\000l\000i\000z\000a\000d\000o\000s}{section.2.6}% 38
\BOOKMARK [0][]{chapter.3}{\376\377\0003\000\040\000D\000i\000g\000i\000t\000a\000l\000i\000z\000a\000c\000i\000\363\000n\000\040\000d\000e\000\040\000s\000e\000c\000u\000e\000n\000c\000i\000a\000s\000\040\000l\000i\000n\000e\000a\000l\000e\000s\000\040\000d\000e\000\040\000p\000r\000o\000t\000e\000\355\000n\000a\000s\000\040\000a\000p\000l\000i\000c\000a\000d\000a\000s\000\040\000a\000l\000\040\000r\000e\000c\000o\000n\000o\000c\000i\000m\000i\000e\000n\000t\000o\000\040\000d\000e\000\040\000p\000a\000t\000r\000o\000n\000e\000s\000\040\000y\000\040\000m\000o\000d\000e\000l\000o\000s\000\040\000p\000r\000e\000d\000i\000c\000t\000i\000v\000o\000s\000\040}{}% 39
\BOOKMARK [1][]{section.3.1}{\376\377\0003\000.\0001\000\040\000M\000e\000t\000o\000d\000o\000l\000o\000g\000\355\000a\000s\000\040\000a\000s\000o\000c\000i\000a\000d\000a\000s\000\040\000a\000\040\000l\000a\000\040\000c\000o\000d\000i\000f\000i\000c\000a\000c\000i\000\363\000n\000\040\000d\000e\000\040\000v\000a\000r\000i\000a\000b\000l\000e\000s\000\040\000c\000a\000t\000e\000g\000\363\000r\000i\000c\000a\000s}{chapter.3}% 40
\BOOKMARK [2][]{subsection.3.1.1}{\376\377\0003\000.\0001\000.\0001\000\040\000O\000n\000e\000\040\000H\000o\000t\000\040\000e\000n\000c\000o\000d\000e\000r}{section.3.1}% 41
\BOOKMARK [2][]{subsection.3.1.2}{\376\377\0003\000.\0001\000.\0002\000\040\000O\000r\000d\000i\000n\000a\000l\000\040\000e\000n\000c\000o\000d\000e\000r}{section.3.1}% 42
\BOOKMARK [2][]{subsection.3.1.3}{\376\377\0003\000.\0001\000.\0003\000\040\000F\000r\000e\000c\000u\000e\000n\000c\000i\000a\000s\000\040\000d\000e\000\040\000r\000e\000s\000i\000d\000u\000o\000s}{section.3.1}% 43
\BOOKMARK [2][]{subsection.3.1.4}{\376\377\0003\000.\0001\000.\0004\000\040\000U\000s\000o\000\040\000d\000e\000\040\000p\000r\000o\000p\000i\000e\000d\000a\000d\000e\000s\000\040\000f\000i\000s\000i\000c\000o\000q\000u\000\355\000m\000i\000c\000a\000s}{section.3.1}% 44
\BOOKMARK [2][]{subsection.3.1.5}{\376\377\0003\000.\0001\000.\0005\000\040\000C\000o\000d\000i\000f\000i\000c\000a\000c\000i\000\363\000n\000\040\000d\000e\000\040\000r\000e\000s\000i\000d\000u\000o\000s\000\040\000c\000o\000n\000\040\000a\000d\000i\000c\000i\000\363\000n\000\040\000d\000e\000\040\000i\000n\000f\000o\000r\000m\000a\000c\000i\000\363\000n\000\040\000d\000e\000\040\000s\000u\000\040\000e\000n\000t\000o\000r\000n\000o}{section.3.1}% 45
\BOOKMARK [1][]{section.3.2}{\376\377\0003\000.\0002\000\040\000T\000r\000a\000n\000s\000f\000o\000r\000m\000a\000c\000i\000o\000n\000e\000s\000\040\000d\000e\000\040\000F\000o\000u\000r\000i\000e\000r}{chapter.3}% 46
\BOOKMARK [2][]{subsection.3.2.1}{\376\377\0003\000.\0002\000.\0001\000\040\000U\000s\000o\000\040\000d\000e\000\040\000T\000r\000a\000n\000s\000f\000o\000r\000m\000a\000d\000a\000s\000\040\000d\000e\000\040\000F\000o\000u\000r\000i\000e\000r\000\040\000e\000n\000\040\000d\000i\000g\000i\000t\000a\000l\000i\000z\000a\000c\000i\000\363\000n\000\040\000d\000e\000\040\000p\000r\000o\000p\000i\000e\000d\000a\000d\000e\000s\000\040\000f\000i\000s\000i\000c\000o\000q\000u\000\355\000m\000i\000c\000a\000s}{section.3.2}% 47
\BOOKMARK [1][]{section.3.3}{\376\377\0003\000.\0003\000\040\000H\000i\000p\000\363\000t\000e\000s\000i\000s}{chapter.3}% 48
\BOOKMARK [1][]{section.3.4}{\376\377\0003\000.\0004\000\040\000O\000b\000j\000e\000t\000i\000v\000o\000s}{chapter.3}% 49
\BOOKMARK [1][]{section.3.5}{\376\377\0003\000.\0005\000\040\000M\000e\000t\000o\000d\000o\000l\000o\000g\000\355\000a}{chapter.3}% 50
\BOOKMARK [0][]{chapter.4}{\376\377\0004\000\040\000F\000i\000l\000o\000g\000e\000n\000\351\000t\000i\000c\000a\000,\000\040\000p\000r\000o\000p\000i\000e\000d\000a\000d\000e\000s\000\040\000f\000i\000s\000i\000c\000o\000q\000u\000\355\000m\000i\000c\000a\000s\000\040\000y\000\040\000m\000i\000n\000e\000r\000\355\000a\000\040\000d\000e\000\040\000d\000a\000t\000o\000s\000\040\000a\000p\000l\000i\000c\000a\000d\000a\000s\000\040\000a\000l\000\040\000d\000i\000s\000e\000\361\000o\000\040\000d\000e\000\040\000m\000u\000t\000a\000c\000i\000o\000n\000e\000s\000\040\000e\000n\000\040\000s\000e\000c\000u\000e\000n\000c\000i\000a\000s\000\040\000d\000e\000\040\000p\000r\000o\000t\000e\000\355\000n\000a\000s\000\040}{}% 51
\BOOKMARK [1][]{section.4.1}{\376\377\0004\000.\0001\000\040\000H\000i\000p\000\363\000t\000e\000s\000i\000s}{chapter.4}% 52
\BOOKMARK [1][]{section.4.2}{\376\377\0004\000.\0002\000\040\000O\000b\000j\000e\000t\000i\000v\000o\000s}{chapter.4}% 53
\BOOKMARK [2][]{subsection.4.2.1}{\376\377\0004\000.\0002\000.\0001\000\040\000O\000b\000j\000e\000t\000i\000v\000o\000\040\000g\000e\000n\000e\000r\000a\000l}{section.4.2}% 54
\BOOKMARK [2][]{subsection.4.2.2}{\376\377\0004\000.\0002\000.\0002\000\040\000O\000b\000j\000e\000t\000i\000v\000o\000s\000\040\000e\000s\000p\000e\000c\000\355\000f\000i\000c\000o\000s}{section.4.2}% 55
\BOOKMARK [1][]{section.4.3}{\376\377\0004\000.\0003\000\040\000M\000\351\000t\000o\000d\000o\000l\000o\000g\000\355\000a\000\040\000p\000r\000o\000p\000u\000e\000s\000t\000a}{chapter.4}% 56
\BOOKMARK [2][]{subsection.4.3.1}{\376\377\0004\000.\0003\000.\0001\000\040\000C\000o\000n\000j\000u\000n\000t\000o\000\040\000d\000e\000\040\000d\000a\000t\000o\000s}{section.4.3}% 57
\BOOKMARK [2][]{subsection.4.3.2}{\376\377\0004\000.\0003\000.\0002\000\040\000D\000i\000g\000i\000t\000a\000l\000i\000z\000a\000c\000i\000\363\000n\000\040\000d\000e\000\040\000s\000e\000c\000u\000e\000n\000c\000i\000a\000s\000\040\000l\000i\000n\000e\000a\000l\000e\000s}{section.4.3}% 58
\BOOKMARK [2][]{subsection.4.3.3}{\376\377\0004\000.\0003\000.\0003\000\040\000E\000n\000t\000r\000e\000n\000a\000m\000i\000e\000n\000t\000o\000\040\000d\000e\000\040\000m\000o\000d\000e\000l\000o\000s}{section.4.3}% 59
\BOOKMARK [2][]{subsection.4.3.4}{\376\377\0004\000.\0003\000.\0004\000\040\000D\000i\000s\000e\000\361\000o\000\040\000d\000e\000\040\000m\000u\000t\000a\000c\000i\000o\000n\000e\000s}{section.4.3}% 60
\BOOKMARK [2][]{subsection.4.3.5}{\376\377\0004\000.\0003\000.\0005\000\040\000I\000m\000p\000l\000e\000m\000e\000n\000t\000a\000c\000i\000\363\000n\000\040\000h\000e\000r\000r\000a\000m\000i\000e\000n\000t\000a\000\040\000c\000o\000m\000p\000u\000t\000a\000c\000i\000o\000n\000a\000l}{section.4.3}% 61
\BOOKMARK [2][]{subsection.4.3.6}{\376\377\0004\000.\0003\000.\0006\000\040\000C\000o\000n\000s\000i\000d\000e\000r\000a\000c\000i\000o\000n\000e\000s\000\040\000g\000e\000n\000e\000r\000a\000l\000e\000s}{section.4.3}% 62
\BOOKMARK [0][]{chapter.5}{\376\377\0005\000\040\000P\000l\000a\000n\000i\000f\000i\000c\000a\000c\000i\000\363\000n\000\040\000y\000\040\000e\000s\000t\000a\000d\000o\000\040\000d\000e\000\040\000a\000v\000a\000n\000c\000e\000.}{}% 63
\BOOKMARK [0][]{chapter*.45}{\376\377\000R\000e\000f\000e\000r\000e\000n\000c\000i\000a\000s}{}% 64
